INFO     [2017-05-04 16:39:18,737] BeFound Mediator server ver. ALPHA
Server init. ADDRESS: 127.0.0.1, PORT: 30010
INFO     [2017-05-04 16:39:18,737] listening starts
INFO     [2017-05-04 16:39:18,737] socket create
INFO     [2017-05-04 16:39:18,738] Server started... Socket timeout: 10 sec.
INFO     [2017-05-04 16:39:21,852] Received: <Username:USER;x:14234.34;y:42342.23>
INFO     [2017-05-04 16:39:23,853] Received: <Username:USER;x:14234.34;y:42342.23>
INFO     [2017-05-04 18:33:59,326] BeFound Mediator server ver. ALPHA Server init. ADDRESS: 127.0.0.1, PORT: 30010
INFO     [2017-05-04 18:33:59,326] listening starts
INFO     [2017-05-04 18:33:59,326] socket create
INFO     [2017-05-04 18:34:51,789] BeFound Mediator server ver. ALPHA Server init. ADDRESS: 127.0.0.1, PORT: 30010
INFO     [2017-05-04 18:34:51,789] listening starts
INFO     [2017-05-04 18:34:51,789] socket create
INFO     [2017-05-04 18:34:51,789] Server started... Socket timeout: 10 sec.
INFO     [2017-05-04 18:34:58,974] Received: <Username:USER;x:14234.34;y:42342.23>
INFO     [2017-05-04 18:35:00,975] Received: <Username:USER;x:14234.34;y:42342.23>
INFO     [2017-05-04 18:35:02,976] Received: <Username:USER;x:14234.34;y:42342.23>
INFO     [2017-05-04 18:35:04,976] Received: <Username:USER;x:14234.34;y:42342.23>
INFO     [2017-05-04 18:35:06,977] Received: <Username:USER;x:14234.34;y:42342.23>
INFO     [2017-05-04 18:35:08,977] Received: <Username:USER;x:14234.34;y:42342.23>
INFO     [2017-05-04 18:35:10,978] Received: <Username:USER;x:14234.34;y:42342.23>
INFO     [2017-05-04 18:35:12,978] Received: <Username:USER;x:14234.34;y:42342.23>
INFO     [2017-05-04 18:35:14,979] Received: <Username:USER;x:14234.34;y:42342.23>
INFO     [2017-05-04 18:35:16,979] Received: <Username:USER;x:14234.34;y:42342.23>
INFO     [2017-05-04 18:35:18,980] Received: <Username:USER;x:14234.34;y:42342.23>
INFO     [2017-05-04 18:35:20,981] Received: <Username:USER;x:14234.34;y:42342.23>
INFO     [2017-05-04 18:35:22,981] Received: <Username:USER;x:14234.34;y:42342.23>
INFO     [2017-05-04 18:52:19,994] BeFound Mediator server ver. ALPHA Server init. ADDRESS: 127.0.0.1, PORT: 30010
INFO     [2017-05-04 18:52:19,995] listening starts
INFO     [2017-05-04 18:52:19,995] socket create
INFO     [2017-05-04 18:52:20,036] Server started... Socket timeout: 10 sec.
WARNING  [2017-05-04 18:52:30,046] Socket timeout. Dont pay attention to this message
INFO     [2017-05-04 18:52:37,977] Received: <Username:USER;x:14234.34;y:42342.23>
INFO     [2017-05-04 18:52:39,978] Received: <Username:USER;x:14234.34;y:42342.23>
INFO     [2017-05-04 18:52:41,978] Received: <Username:USER;x:14234.34;y:42342.23>
INFO     [2017-05-04 18:52:43,979] Received: <Username:USER;x:14234.34;y:42342.23>
INFO     [2017-05-04 18:52:45,980] Received: <Username:USER;x:14234.34;y:42342.23>
INFO     [2017-05-04 18:52:47,980] Received: <Username:USER;x:14234.34;y:42342.23>
INFO     [2017-05-04 18:52:49,981] Received: <Username:USER;x:14234.34;y:42342.23>
INFO     [2017-05-04 18:52:51,982] Received: <Username:USER;x:14234.34;y:42342.23>
INFO     [2017-05-04 18:53:52,554] BeFound Mediator server ver. ALPHA Server init. ADDRESS: 127.0.0.1, PORT: 30010
INFO     [2017-05-04 18:53:52,555] listening starts
INFO     [2017-05-04 18:53:52,555] socket create
INFO     [2017-05-04 18:53:52,611] Server started... Socket timeout: 10 sec.
INFO     [2017-05-04 18:53:54,545] Received: <Username:USER;x:14234.34;y:42342.23>
INFO     [2017-05-04 18:53:56,546] Received: <Username:USER;x:14234.34;y:42342.23>
INFO     [2017-05-04 18:53:58,546] Received: <Username:USER;x:14234.34;y:42342.23>
INFO     [2017-05-04 18:54:00,547] Received: <Username:USER;x:14234.34;y:42342.23>
INFO     [2017-05-04 18:54:02,548] Received: <Username:USER;x:14234.34;y:42342.23>
INFO     [2017-05-04 18:54:04,548] Received: <Username:USER;x:14234.34;y:42342.23>
INFO     [2017-05-04 18:54:06,549] Received: <Username:USER;x:14234.34;y:42342.23>
INFO     [2017-05-04 18:54:08,550] Received: <Username:USER;x:14234.34;y:42342.23>
INFO     [2017-05-04 18:54:10,550] Received: <Username:USER;x:14234.34;y:42342.23>
INFO     [2017-05-04 18:54:12,551] Received: <Username:USER;x:14234.34;y:42342.23>
INFO     [2017-05-04 18:54:14,551] Received: <Username:USER;x:14234.34;y:42342.23>
INFO     [2017-05-04 19:07:10,930] BeFound Mediator server ver. ALPHA Server init. ADDRESS: 127.0.0.1, PORT: 30010
INFO     [2017-05-04 19:07:10,931] listening starts
INFO     [2017-05-04 19:07:10,931] socket create
